2024-10-01T20:35:03.014796 - Version 2.0.3 (patch change)2024-10-01T20:39:39.018707 - Version 2.0.4 (patch change)
2024-10-01T20:42:52.874566 - Version 2.0.4 (patch change)
2024-10-01T20:43:32.128127 - Version 2.0.5 (patch change)
2024-10-01T20:49:29.071628 - Version 2.0.5 (patch change)
2024-10-01T20:51:29.386146 - Version 2.0.6 (patch change)
2024-10-01T20:52:20.899309 - Version 2.0.7 (patch change)
2024-10-01T20:52:31.830301 - Version 2.0.8 (patch change)
2024-10-01T20:53:18.293002 - Version 2.0.5 (patch change)
2024-10-01T20:53:49.417331 - Version 2.0.5 (patch change)
2024-10-01T20:55:23.729950 - Version 2.0.6 (patch change)
2024-10-01T20:55:59.417102 - Version 2.0.6 (path change)
2024-10-01T20:57:14.164091 - Version 2.0.7 (patch change)
2024-10-01T20:59:14.931567 - Version 2.0.8 (patch change)
2024-10-01T21:03:20.327380 - Version 2.0.9 (patch change)
2024-10-01T21:15:55.111592 - Version 2.0.10 (patch change)
2024-10-01T21:16:42.795980 - Version 2.0.11 (patch change)
2024-10-01T21:18:16.791090 - Version 2.0.12 (patch change)
2024-10-01T21:18:34.488845 - Version 2.1.0 (minor change)
2024-10-01T21:19:25.564449 - Version 2.2.0 (minor change)
2024-10-04T20:13:52.039858 - Version 3.0.0 (major change)
2024-10-13T13:57:15.279264 - Version 3.0.1 (patch change)
2024-10-13T14:10:51.871043 - Version 3.1.0 (minor change)
2024-10-17T03:46:28.945980 - Version 3.1.1 (patch change)
2024-10-21T20:42:49.514830 - Version 4.0.0 (major change)2024-10-21T21:18:37.965509 - Version 4.0.1 (patch change)
2024-10-21T21:52:35.898163 - Version 4.0.1 (path change)
2024-11-24T18:20:39.354497 - Version 5.0.0 (major change)
2024-11-24T18:23:26.970459 - Version 4.1.0 (minor change)
2024-11-24T18:58:55.604008 - Version 5.0.0 (major change)
2024-11-24T19:03:32.210223 - Version 5.0.0 (major change)
2024-12-08T13:29:39.203028 - Version 6.0.0 (major change)
2024-12-18T06:12:54.446229 - Version 6.1.0 (minor change)
2024-12-18T23:40:44.062955 - Version 6.1.1 (patch change)
2024-12-22T22:49:32.873346 - Version 6.2.0 (minor change)
2025-01-07T20:00:29.669277 - Version 6.3.0 (minor change)
2025-01-07T23:52:55.155937 - Version 6.4.0 (minor change)
2025-01-13T15:23:49.324999 - Version 6.5.0 (minor change)
2025-01-13T15:24:23.053448 - Version 6.4.0 (minor change)
2025-01-27T05:19:08.202765 - Version 7.0.0 (major change)
2025-02-10T00:38:09.383223 - Version 7.1.0 (minor change)
2025-02-11T02:34:46.589093 - Version 7.1.1 (patch change)
2025-02-11T15:48:26.473300 - Version 7.1.2 (patch change)
2025-02-11T16:11:52.375003 - Version 7.1.3 (patch change)
2025-02-14T01:46:15.365003 - Version 7.1.4 (patch change)
2025-03-02T20:09:57.374912 - Version 7.2.0 (minor change)
